21:46:25| Starting to retrieve data from the server
21:46:26| -----------------------------------------
21:46:26| Title   : Revenge of the Sith
21:46:26| Director: George Lucas
21:46:26| Producer: Rick McCallum
21:46:26| Released: 2005-05-19
21:46:26| 
21:46:26| Characters: 34
21:47:01| <class 'str'> Luke Skywalker,  C-3PO,  R2-D2,  Darth Vader,  Leia Organa,  Owen Lars,  Beru Whitesun lars,  Obi-Wan Kenobi,  Anakin Skywalker,  Wilhuff Tarkin,  Chewbacca,  Yoda,  Palpatine,  Nute Gunray,  Padmé Amidala,  Ayla Secura,  Mace Windu,  Ki-Adi-Mundi,  Kit Fisto,  Eeth Koth,  Adi Gallia,  Saesee Tiin,  Plo Koon,  Poggle the Lesser,  Luminara Unduli,  Dooku,  Bail Prestor Organa,  R4-P17,  Shaak Ti,  Grievous,  Tarfful,  Raymus Antilles,  Sly Moore,  Tion Medon, 
21:47:01| 
21:47:01| Planets: 13
21:47:16| <class 'str'> Luke Skywalker,  C-3PO,  R2-D2,  Darth Vader,  Leia Organa,  Owen Lars,  Beru Whitesun lars,  Obi-Wan Kenobi,  Anakin Skywalker,  Wilhuff Tarkin,  Chewbacca,  Yoda,  Palpatine,  Nute Gunray,  Padmé Amidala,  Ayla Secura,  Mace Windu,  Ki-Adi-Mundi,  Kit Fisto,  Eeth Koth,  Adi Gallia,  Saesee Tiin,  Plo Koon,  Poggle the Lesser,  Luminara Unduli,  Dooku,  Bail Prestor Organa,  R4-P17,  Shaak Ti,  Grievous,  Tarfful,  Raymus Antilles,  Sly Moore,  Tion Medon,  Tatooine,  Alderaan,  Dagobah,  Naboo,  Coruscant,  Utapau,  Mustafar,  Kashyyyk,  Polis Massa,  Mygeeto,  Felucia,  Cato Neimoidia,  Saleucami, 
21:47:16| 
21:47:16| Starships: 12
21:47:29| <class 'str'> Luke Skywalker,  C-3PO,  R2-D2,  Darth Vader,  Leia Organa,  Owen Lars,  Beru Whitesun lars,  Obi-Wan Kenobi,  Anakin Skywalker,  Wilhuff Tarkin,  Chewbacca,  Yoda,  Palpatine,  Nute Gunray,  Padmé Amidala,  Ayla Secura,  Mace Windu,  Ki-Adi-Mundi,  Kit Fisto,  Eeth Koth,  Adi Gallia,  Saesee Tiin,  Plo Koon,  Poggle the Lesser,  Luminara Unduli,  Dooku,  Bail Prestor Organa,  R4-P17,  Shaak Ti,  Grievous,  Tarfful,  Raymus Antilles,  Sly Moore,  Tion Medon,  Tatooine,  Alderaan,  Dagobah,  Naboo,  Coruscant,  Utapau,  Mustafar,  Kashyyyk,  Polis Massa,  Mygeeto,  Felucia,  Cato Neimoidia,  Saleucami,  CR90 corvette,  Droid control ship,  Jedi starfighter,  Trade Federation cruiser,  Theta-class T-2c shuttle,  Republic attack cruiser,  Naboo star skiff,  Jedi Interceptor,  arc-170,  Banking clan frigte,  Belbullab-22 starfighter,  V-wing, 
21:47:29| 
21:47:29| Vehicles: 13
21:47:42| <class 'str'> Luke Skywalker,  C-3PO,  R2-D2,  Darth Vader,  Leia Organa,  Owen Lars,  Beru Whitesun lars,  Obi-Wan Kenobi,  Anakin Skywalker,  Wilhuff Tarkin,  Chewbacca,  Yoda,  Palpatine,  Nute Gunray,  Padmé Amidala,  Ayla Secura,  Mace Windu,  Ki-Adi-Mundi,  Kit Fisto,  Eeth Koth,  Adi Gallia,  Saesee Tiin,  Plo Koon,  Poggle the Lesser,  Luminara Unduli,  Dooku,  Bail Prestor Organa,  R4-P17,  Shaak Ti,  Grievous,  Tarfful,  Raymus Antilles,  Sly Moore,  Tion Medon,  Tatooine,  Alderaan,  Dagobah,  Naboo,  Coruscant,  Utapau,  Mustafar,  Kashyyyk,  Polis Massa,  Mygeeto,  Felucia,  Cato Neimoidia,  Saleucami,  CR90 corvette,  Droid control ship,  Jedi starfighter,  Trade Federation cruiser,  Theta-class T-2c shuttle,  Republic attack cruiser,  Naboo star skiff,  Jedi Interceptor,  arc-170,  Banking clan frigte,  Belbullab-22 starfighter,  V-wing,  Vulture Droid,  LAAT/i,  AT-TE,  Neimoidian shuttle,  Tsmeu-6 personal wheel bike,  Emergency Firespeeder,  Droid tri-fighter,  Oevvaor jet catamaran,  Raddaugh Gnasp fluttercraft,  Clone turbo tank,  Corporate Alliance tank droid,  Droid gunship,  AT-RT, 
21:47:42| 
21:47:42| Species: 20
