20:06:11| Starting to retrieve data from the server
20:06:12| -------------------------------------------
20:06:12| Title   : Revenge of the Sith
20:06:12| Director: George Lucas
20:06:12| Producer: Rick McCallum
20:06:12| Released: 2005-05-19
20:06:12| 
20:06:12| Characters: 34
20:06:12| 
20:06:12| 
20:06:12| Planets: 13
20:06:12| 
20:06:12| 
20:06:12| Starships: 12
20:06:12| 
20:06:12| 
20:06:12| Vehicles: 13
20:06:12| 
20:06:12| 
20:06:12| Species: 20
20:06:12| 
20:06:12| 
20:06:12| Total Time To complete = 1.03953760
20:06:12| There were 0 calls to the server
