20:18:20| Starting to retrieve data from the server
20:18:21| -----------------------------------------
20:18:21| Title   : Revenge of the Sith
20:18:21| Director: George Lucas
20:18:21| Producer: Rick McCallum
20:18:21| Released: 2005-05-19
20:18:21| 
20:18:21| Characters: 34
20:18:21| 
20:18:21| 
20:18:21| Planets: 13
20:18:21| 
20:18:21| 
20:18:21| Starships: 12
20:18:21| 
20:18:21| 
20:18:21| Vehicles: 13
20:18:21| 
20:18:21| 
20:18:21| Species: 20
20:18:21| 
20:18:21| 
20:18:21| Total Time To complete = 1.04301280
20:18:21| There were 0 calls to the server
