20:07:53| Starting to retrieve data from the server
20:07:54| -----------------------------------------
20:07:54| Title   : Revenge of the Sith
20:07:54| Director: George Lucas
20:07:54| Producer: Rick McCallum
20:07:54| Released: 2005-05-19
20:07:54| 
20:07:54| Characters: 34
20:07:54| 
20:07:54| 
20:07:54| Planets: 13
20:07:54| 
20:07:54| 
20:07:54| Starships: 12
20:07:54| 
20:07:54| 
20:07:54| Vehicles: 13
20:07:54| 
20:07:54| 
20:07:54| Species: 20
20:07:54| 
20:07:54| 
20:07:54| Total Time To complete = 1.05109680
20:07:54| There were 0 calls to the server
