20:36:31| Starting to retrieve data from the server
20:37:07| -----------------------------------------
20:37:07| Title   : Revenge of the Sith
20:37:07| Director: George Lucas
20:37:07| Producer: Rick McCallum
20:37:07| Released: 2005-05-19
20:37:07| 
20:37:07| Characters: 34
20:37:07| ['Luke Skywalker', 'C-3PO', 'R2-D2', 'Darth Vader', 'Leia Organa', 'Owen Lars', 'Beru Whitesun lars', 'Obi-Wan Kenobi', 'Anakin Skywalker', 'Wilhuff Tarkin', 'Chewbacca', 'Yoda', 'Palpatine', 'Nute Gunray', 'Padmé Amidala', 'Ayla Secura', 'Mace Windu', 'Ki-Adi-Mundi', 'Kit Fisto', 'Eeth Koth', 'Adi Gallia', 'Saesee Tiin', 'Plo Koon', 'Poggle the Lesser', 'Luminara Unduli', 'Dooku', 'Bail Prestor Organa', 'R4-P17', 'Shaak Ti', 'Grievous', 'Tarfful', 'Raymus Antilles', 'Sly Moore', 'Tion Medon']
20:37:07| 
20:37:07| Planets: 13
20:37:07| 
20:37:07| 
20:37:07| Starships: 12
20:37:07| 
20:37:07| 
20:37:07| Vehicles: 13
20:37:07| 
20:37:07| 
20:37:07| Species: 20
20:37:07| 
20:37:07| 
20:37:07| Total Time To complete = 35.42870800
20:37:07| There were 0 calls to the server
