21:25:29| Starting to retrieve data from the server
21:26:04| -----------------------------------------
21:26:04| Title   : Revenge of the Sith
21:26:04| Director: George Lucas
21:26:04| Producer: Rick McCallum
21:26:04| Released: 2005-05-19
21:26:04| 
21:26:04| Characters: 34
21:26:04| <class 'str'> Luke Skywalker,  C-3PO,  R2-D2,  Darth Vader,  Leia Organa,  Owen Lars,  Beru Whitesun lars,  Obi-Wan Kenobi,  Anakin Skywalker,  Wilhuff Tarkin,  Chewbacca,  Yoda,  Palpatine,  Nute Gunray,  Padmé Amidala,  Ayla Secura,  Mace Windu,  Ki-Adi-Mundi,  Kit Fisto,  Eeth Koth,  Adi Gallia,  Saesee Tiin,  Plo Koon,  Poggle the Lesser,  Luminara Unduli,  Dooku,  Bail Prestor Organa,  R4-P17,  Shaak Ti,  Grievous,  Tarfful,  Raymus Antilles,  Sly Moore,  Tion Medon, 
21:26:04| 
21:26:04| Planets: 13
21:26:04| 
21:26:04| 
21:26:04| Starships: 12
21:26:04| 
21:26:04| 
21:26:04| Vehicles: 13
21:26:04| 
21:26:04| 
21:26:04| Species: 20
21:26:04| 
21:26:04| 
21:26:04| Total Time To complete = 35.39888710
21:26:04| There were 0 calls to the server
